[nhumblot@meursault dependency-check-maven-sample]$ mvn dependency-check:check
[INFO] Scanning for projects...
[INFO] 
[INFO] ----------------------< com.mycompany.app:my-app >----------------------
[INFO] Building my-app 1.0-SNAPSHOT
[INFO] --------------------------------[ jar ]---------------------------------
[INFO] 
[INFO] --- dependency-check-maven:6.5.0:check (default-cli) @ my-app ---
[INFO] Checking for updates
[INFO] Download Started for NVD CVE - Modified
[INFO] Download Complete for NVD CVE - Modified  (891 ms)
[INFO] Processing Started for NVD CVE - Modified
WARNING: An illegal reflective access operation has occurred
WARNING: Illegal reflective access by com.fasterxml.jackson.module.afterburner.util.MyClassLoader (file:/home/nhumblot/.m2/repository/com/fasterxml/jackson/module/jackson-module-afterburner/2.13.0/jackson-module-afterburner-2.13.0.jar) to method java.lang.ClassLoader.findLoadedClass(java.lang.String)
WARNING: Please consider reporting this to the maintainers of com.fasterxml.jackson.module.afterburner.util.MyClassLoader
WARNING: Use --illegal-access=warn to enable warnings of further illegal reflective access operations
WARNING: All illegal access operations will be denied in a future release
[INFO] Processing Complete for NVD CVE - Modified  (2600 ms)
[INFO] Begin database maintenance
[INFO] Updated the CPE ecosystem on 116145 NVD records
[INFO] End database maintenance (10268 ms)
[INFO] Begin database defrag
[INFO] End database defrag (2573 ms)
[INFO] Check for updates complete (21762 ms)
[INFO] 

Dependency-Check is an open source tool performing a best effort analysis of 3rd party dependencies; false positives and false negatives may exist in the analysis performed by the tool. Use of the tool and the reporting provided constitutes acceptance for use in an AS IS condition, and there are NO warranties, implied or otherwise, with regard to the analysis or its use. Any use of the tool and the reporting provided is at the user’s risk. In no event shall the copyright holder or OWASP be held liable for any damages whatsoever arising out of or in connection with the use of this tool, the analysis performed, or the resulting report.


   About ODC: https://jeremylong.github.io/DependencyCheck/general/internals.html
   False Positives: https://jeremylong.github.io/DependencyCheck/general/suppression.html

💖 Sponsor: https://github.com/sponsors/jeremylong


[INFO] Analysis Started
[INFO] Finished Archive Analyzer (0 seconds)
[INFO] Finished File Name Analyzer (0 seconds)
[INFO] Finished Jar Analyzer (0 seconds)
[INFO] Finished Dependency Merging Analyzer (0 seconds)
[INFO] Finished Version Filter Analyzer (0 seconds)
[INFO] Finished Hint Analyzer (0 seconds)
[INFO] Created CPE Index (1 seconds)
[INFO] Finished CPE Analyzer (1 seconds)
[INFO] Finished False Positive Analyzer (0 seconds)
[INFO] Finished NVD CVE Analyzer (0 seconds)
[INFO] Finished Sonatype OSS Index Analyzer (1 seconds)
[INFO] Finished Vulnerability Suppression Analyzer (0 seconds)
[INFO] Finished Dependency Bundling Analyzer (0 seconds)
[INFO] Analysis Complete (3 seconds)
[INFO] Writing report to: /home/nhumblot/dev/wkspace/owasp-dependency-check-test-directory/dependency-check-maven-sample/target/dependency-check-report.html
[WARNING] 

One or more dependencies were identified with known vulnerabilities in my-app:

log4j-core-2.14.1.jar (pkg:maven/org.apache.logging.log4j/log4j-core@2.14.1, cpe:2.3:a:apache:log4j:2.14.1:*:*:*:*:*:*:*) : CVE-2021-44228


See the dependency-check report for more details.


[INFO] ------------------------------------------------------------------------
[INFO] BUILD SUCCESS
[INFO] ------------------------------------------------------------------------
[INFO] Total time:  28.074 s
[INFO] Finished at: 2021-12-12T21:46:57+01:00
[INFO] ------------------------------------------------------------------------

